{"C:\\SCWamp\\Docs\\small-router\\index.js":{"path":"C:\\SCWamp\\Docs\\small-router\\index.js","s":{"1":1,"2":1,"3":1,"4":1,"5":1,"6":1,"7":1,"8":18,"9":1,"10":7,"11":7,"12":1,"13":2,"14":6,"15":2,"16":6,"17":5,"18":5,"19":1,"20":6,"21":2,"22":2,"23":2,"24":2,"25":0,"26":0,"27":0,"28":2,"29":0,"30":2,"31":18,"32":18,"33":18,"34":18,"35":18,"36":4,"37":4,"38":4,"39":4,"40":2,"41":2,"42":2,"43":2,"44":2,"45":0,"46":0,"47":0,"48":14,"49":5,"50":9,"51":9,"52":45,"53":37,"54":37,"55":37,"56":37,"57":103,"58":103,"59":11,"60":11,"61":5,"62":6,"63":37,"64":5,"65":5,"66":0,"67":0,"68":0,"69":0,"70":0,"71":0,"72":0,"73":0,"74":0,"75":0,"76":0,"77":9,"78":4,"79":1,"80":4,"81":4,"82":0,"83":0,"84":4,"85":2,"86":4,"87":2,"88":2,"89":2,"90":2,"91":0,"92":2,"93":11,"94":11,"95":11,"96":5,"97":5,"98":5,"99":5,"100":5,"101":5,"102":5,"103":11,"104":4,"105":4,"106":4,"107":1,"108":1},"b":{"1":[1,6],"2":[2,4],"3":[5,1],"4":[2,2],"5":[2,0],"6":[2,2,0],"7":[0,2],"8":[4,14],"9":[4,4],"10":[2,2],"11":[2,0],"12":[2,0],"13":[5,9],"14":[37,8],"15":[37,0],"16":[11,92],"17":[103,49],"18":[5,6],"19":[5,5],"20":[5,32],"21":[0,0],"22":[0,0],"23":[0,0],"24":[4,5],"25":[0,4],"26":[2,2],"27":[2,0],"28":[0,2],"29":[11,0],"30":[5,6],"31":[5,0],"32":[4,4]},"f":{"1":1,"2":7,"3":2,"4":18,"5":1,"6":4,"7":2,"8":11,"9":4,"10":1},"fnMap":{"1":{"name":"(anonymous_1)","line":9,"loc":{"start":{"line":9,"column":19},"end":{"line":9,"column":22}}},"2":{"name":"(anonymous_2)","line":22,"loc":{"start":{"line":22,"column":16},"end":{"line":22,"column":28}}},"3":{"name":"(anonymous_3)","line":53,"loc":{"start":{"line":53,"column":20},"end":{"line":53,"column":45}}},"4":{"name":"(anonymous_4)","line":81,"loc":{"start":{"line":81,"column":13},"end":{"line":81,"column":24}}},"5":{"name":"(anonymous_5)","line":175,"loc":{"start":{"line":175,"column":14},"end":{"line":175,"column":25}}},"6":{"name":"(anonymous_6)","line":186,"loc":{"start":{"line":186,"column":19},"end":{"line":186,"column":48}}},"7":{"name":"(anonymous_7)","line":202,"loc":{"start":{"line":202,"column":17},"end":{"line":202,"column":27}}},"8":{"name":"(anonymous_8)","line":225,"loc":{"start":{"line":225,"column":25},"end":{"line":225,"column":46}}},"9":{"name":"(anonymous_9)","line":250,"loc":{"start":{"line":250,"column":20},"end":{"line":250,"column":31}}},"10":{"name":"(anonymous_10)","line":257,"loc":{"start":{"line":257,"column":13},"end":{"line":257,"column":18}}}},"statementMap":{"1":{"start":{"line":3,"column":0},"end":{"line":3,"column":25}},"2":{"start":{"line":4,"column":0},"end":{"line":4,"column":43}},"3":{"start":{"line":5,"column":0},"end":{"line":5,"column":41}},"4":{"start":{"line":7,"column":0},"end":{"line":265,"column":2}},"5":{"start":{"line":10,"column":12},"end":{"line":10,"column":29}},"6":{"start":{"line":11,"column":12},"end":{"line":11,"column":33}},"7":{"start":{"line":12,"column":12},"end":{"line":12,"column":80}},"8":{"start":{"line":12,"column":58},"end":{"line":12,"column":78}},"9":{"start":{"line":13,"column":12},"end":{"line":13,"column":30}},"10":{"start":{"line":23,"column":12},"end":{"line":23,"column":32}},"11":{"start":{"line":25,"column":12},"end":{"line":42,"column":13}},"12":{"start":{"line":26,"column":16},"end":{"line":28,"column":19}},"13":{"start":{"line":27,"column":20},"end":{"line":27,"column":45}},"14":{"start":{"line":31,"column":16},"end":{"line":33,"column":17}},"15":{"start":{"line":32,"column":20},"end":{"line":32,"column":48}},"16":{"start":{"line":35,"column":16},"end":{"line":41,"column":17}},"17":{"start":{"line":36,"column":20},"end":{"line":36,"column":44}},"18":{"start":{"line":37,"column":20},"end":{"line":37,"column":35}},"19":{"start":{"line":40,"column":20},"end":{"line":40,"column":69}},"20":{"start":{"line":44,"column":12},"end":{"line":44,"column":27}},"21":{"start":{"line":54,"column":12},"end":{"line":54,"column":43}},"22":{"start":{"line":55,"column":12},"end":{"line":55,"column":32}},"23":{"start":{"line":57,"column":12},"end":{"line":71,"column":13}},"24":{"start":{"line":58,"column":16},"end":{"line":67,"column":17}},"25":{"start":{"line":59,"column":20},"end":{"line":59,"column":50}},"26":{"start":{"line":61,"column":20},"end":{"line":63,"column":23}},"27":{"start":{"line":62,"column":24},"end":{"line":62,"column":70}},"28":{"start":{"line":66,"column":20},"end":{"line":66,"column":50}},"29":{"start":{"line":70,"column":16},"end":{"line":70,"column":80}},"30":{"start":{"line":73,"column":12},"end":{"line":73,"column":27}},"31":{"start":{"line":82,"column":12},"end":{"line":82,"column":30}},"32":{"start":{"line":83,"column":12},"end":{"line":83,"column":50}},"33":{"start":{"line":84,"column":12},"end":{"line":84,"column":58}},"34":{"start":{"line":85,"column":12},"end":{"line":85,"column":42}},"35":{"start":{"line":87,"column":12},"end":{"line":167,"column":13}},"36":{"start":{"line":88,"column":16},"end":{"line":88,"column":70}},"37":{"start":{"line":89,"column":16},"end":{"line":89,"column":48}},"38":{"start":{"line":90,"column":16},"end":{"line":90,"column":62}},"39":{"start":{"line":92,"column":16},"end":{"line":106,"column":17}},"40":{"start":{"line":93,"column":20},"end":{"line":95,"column":21}},"41":{"start":{"line":94,"column":24},"end":{"line":94,"column":65}},"42":{"start":{"line":96,"column":20},"end":{"line":96,"column":87}},"43":{"start":{"line":98,"column":21},"end":{"line":106,"column":17}},"44":{"start":{"line":99,"column":20},"end":{"line":99,"column":85}},"45":{"start":{"line":102,"column":20},"end":{"line":102,"column":41}},"46":{"start":{"line":103,"column":20},"end":{"line":103,"column":73}},"47":{"start":{"line":105,"column":20},"end":{"line":105,"column":60}},"48":{"start":{"line":109,"column":16},"end":{"line":166,"column":17}},"49":{"start":{"line":110,"column":20},"end":{"line":110,"column":52}},"50":{"start":{"line":113,"column":20},"end":{"line":113,"column":43}},"51":{"start":{"line":114,"column":20},"end":{"line":161,"column":23}},"52":{"start":{"line":115,"column":24},"end":{"line":160,"column":25}},"53":{"start":{"line":116,"column":28},"end":{"line":116,"column":62}},"54":{"start":{"line":120,"column":28},"end":{"line":159,"column":29}},"55":{"start":{"line":121,"column":32},"end":{"line":121,"column":42}},"56":{"start":{"line":122,"column":32},"end":{"line":134,"column":33}},"57":{"start":{"line":123,"column":36},"end":{"line":123,"column":61}},"58":{"start":{"line":125,"column":36},"end":{"line":133,"column":37}},"59":{"start":{"line":126,"column":40},"end":{"line":126,"column":90}},"60":{"start":{"line":127,"column":40},"end":{"line":132,"column":41}},"61":{"start":{"line":128,"column":44},"end":{"line":128,"column":104}},"62":{"start":{"line":131,"column":44},"end":{"line":131,"column":50}},"63":{"start":{"line":136,"column":32},"end":{"line":139,"column":33}},"64":{"start":{"line":137,"column":36},"end":{"line":137,"column":54}},"65":{"start":{"line":138,"column":36},"end":{"line":138,"column":77}},"66":{"start":{"line":141,"column":33},"end":{"line":159,"column":29}},"67":{"start":{"line":142,"column":32},"end":{"line":158,"column":33}},"68":{"start":{"line":143,"column":36},"end":{"line":143,"column":54}},"69":{"start":{"line":144,"column":36},"end":{"line":144,"column":77}},"70":{"start":{"line":147,"column":36},"end":{"line":147,"column":99}},"71":{"start":{"line":149,"column":36},"end":{"line":157,"column":37}},"72":{"start":{"line":150,"column":40},"end":{"line":150,"column":58}},"73":{"start":{"line":151,"column":40},"end":{"line":151,"column":94}},"74":{"start":{"line":152,"column":40},"end":{"line":152,"column":81}},"75":{"start":{"line":155,"column":40},"end":{"line":155,"column":58}},"76":{"start":{"line":156,"column":40},"end":{"line":156,"column":75}},"77":{"start":{"line":163,"column":20},"end":{"line":165,"column":21}},"78":{"start":{"line":164,"column":24},"end":{"line":164,"column":59}},"79":{"start":{"line":176,"column":12},"end":{"line":176,"column":41}},"80":{"start":{"line":187,"column":12},"end":{"line":199,"column":15}},"81":{"start":{"line":188,"column":16},"end":{"line":191,"column":17}},"82":{"start":{"line":189,"column":20},"end":{"line":189,"column":41}},"83":{"start":{"line":190,"column":20},"end":{"line":190,"column":66}},"84":{"start":{"line":194,"column":16},"end":{"line":196,"column":17}},"85":{"start":{"line":195,"column":20},"end":{"line":195,"column":71}},"86":{"start":{"line":198,"column":16},"end":{"line":198,"column":30}},"87":{"start":{"line":203,"column":12},"end":{"line":216,"column":13}},"88":{"start":{"line":204,"column":16},"end":{"line":204,"column":53}},"89":{"start":{"line":205,"column":16},"end":{"line":215,"column":19}},"90":{"start":{"line":206,"column":20},"end":{"line":208,"column":21}},"91":{"start":{"line":207,"column":24},"end":{"line":207,"column":39}},"92":{"start":{"line":210,"column":20},"end":{"line":214,"column":22}},"93":{"start":{"line":226,"column":12},"end":{"line":226,"column":29}},"94":{"start":{"line":227,"column":12},"end":{"line":227,"column":36}},"95":{"start":{"line":229,"column":12},"end":{"line":240,"column":13}},"96":{"start":{"line":230,"column":16},"end":{"line":230,"column":31}},"97":{"start":{"line":231,"column":16},"end":{"line":231,"column":61}},"98":{"start":{"line":232,"column":16},"end":{"line":232,"column":70}},"99":{"start":{"line":233,"column":16},"end":{"line":233,"column":67}},"100":{"start":{"line":235,"column":16},"end":{"line":239,"column":17}},"101":{"start":{"line":236,"column":20},"end":{"line":236,"column":47}},"102":{"start":{"line":238,"column":20},"end":{"line":238,"column":33}},"103":{"start":{"line":242,"column":12},"end":{"line":242,"column":24}},"104":{"start":{"line":251,"column":12},"end":{"line":251,"column":33}},"105":{"start":{"line":252,"column":12},"end":{"line":252,"column":74}},"106":{"start":{"line":254,"column":12},"end":{"line":254,"column":30}},"107":{"start":{"line":258,"column":12},"end":{"line":258,"column":32}},"108":{"start":{"line":264,"column":4},"end":{"line":264,"column":24}}},"branchMap":{"1":{"line":25,"type":"if","locations":[{"start":{"line":25,"column":12},"end":{"line":25,"column":12}},{"start":{"line":25,"column":12},"end":{"line":25,"column":12}}]},"2":{"line":31,"type":"if","locations":[{"start":{"line":31,"column":16},"end":{"line":31,"column":16}},{"start":{"line":31,"column":16},"end":{"line":31,"column":16}}]},"3":{"line":35,"type":"if","locations":[{"start":{"line":35,"column":16},"end":{"line":35,"column":16}},{"start":{"line":35,"column":16},"end":{"line":35,"column":16}}]},"4":{"line":54,"type":"binary-expr","locations":[{"start":{"line":54,"column":24},"end":{"line":54,"column":33}},{"start":{"line":54,"column":37},"end":{"line":54,"column":42}}]},"5":{"line":57,"type":"if","locations":[{"start":{"line":57,"column":12},"end":{"line":57,"column":12}},{"start":{"line":57,"column":12},"end":{"line":57,"column":12}}]},"6":{"line":57,"type":"binary-expr","locations":[{"start":{"line":57,"column":16},"end":{"line":57,"column":54}},{"start":{"line":57,"column":58},"end":{"line":57,"column":68}},{"start":{"line":57,"column":73},"end":{"line":57,"column":82}}]},"7":{"line":58,"type":"if","locations":[{"start":{"line":58,"column":16},"end":{"line":58,"column":16}},{"start":{"line":58,"column":16},"end":{"line":58,"column":16}}]},"8":{"line":87,"type":"if","locations":[{"start":{"line":87,"column":12},"end":{"line":87,"column":12}},{"start":{"line":87,"column":12},"end":{"line":87,"column":12}}]},"9":{"line":88,"type":"binary-expr","locations":[{"start":{"line":88,"column":31},"end":{"line":88,"column":48}},{"start":{"line":88,"column":52},"end":{"line":88,"column":69}}]},"10":{"line":92,"type":"if","locations":[{"start":{"line":92,"column":16},"end":{"line":92,"column":16}},{"start":{"line":92,"column":16},"end":{"line":92,"column":16}}]},"11":{"line":93,"type":"if","locations":[{"start":{"line":93,"column":20},"end":{"line":93,"column":20}},{"start":{"line":93,"column":20},"end":{"line":93,"column":20}}]},"12":{"line":98,"type":"if","locations":[{"start":{"line":98,"column":21},"end":{"line":98,"column":21}},{"start":{"line":98,"column":21},"end":{"line":98,"column":21}}]},"13":{"line":109,"type":"if","locations":[{"start":{"line":109,"column":16},"end":{"line":109,"column":16}},{"start":{"line":109,"column":16},"end":{"line":109,"column":16}}]},"14":{"line":115,"type":"if","locations":[{"start":{"line":115,"column":24},"end":{"line":115,"column":24}},{"start":{"line":115,"column":24},"end":{"line":115,"column":24}}]},"15":{"line":120,"type":"if","locations":[{"start":{"line":120,"column":28},"end":{"line":120,"column":28}},{"start":{"line":120,"column":28},"end":{"line":120,"column":28}}]},"16":{"line":125,"type":"if","locations":[{"start":{"line":125,"column":36},"end":{"line":125,"column":36}},{"start":{"line":125,"column":36},"end":{"line":125,"column":36}}]},"17":{"line":125,"type":"binary-expr","locations":[{"start":{"line":125,"column":39},"end":{"line":125,"column":59}},{"start":{"line":125,"column":63},"end":{"line":125,"column":100}}]},"18":{"line":127,"type":"if","locations":[{"start":{"line":127,"column":40},"end":{"line":127,"column":40}},{"start":{"line":127,"column":40},"end":{"line":127,"column":40}}]},"19":{"line":128,"type":"binary-expr","locations":[{"start":{"line":128,"column":75},"end":{"line":128,"column":89}},{"start":{"line":128,"column":93},"end":{"line":128,"column":95}}]},"20":{"line":136,"type":"if","locations":[{"start":{"line":136,"column":32},"end":{"line":136,"column":32}},{"start":{"line":136,"column":32},"end":{"line":136,"column":32}}]},"21":{"line":141,"type":"if","locations":[{"start":{"line":141,"column":33},"end":{"line":141,"column":33}},{"start":{"line":141,"column":33},"end":{"line":141,"column":33}}]},"22":{"line":142,"type":"if","locations":[{"start":{"line":142,"column":32},"end":{"line":142,"column":32}},{"start":{"line":142,"column":32},"end":{"line":142,"column":32}}]},"23":{"line":149,"type":"if","locations":[{"start":{"line":149,"column":36},"end":{"line":149,"column":36}},{"start":{"line":149,"column":36},"end":{"line":149,"column":36}}]},"24":{"line":163,"type":"if","locations":[{"start":{"line":163,"column":20},"end":{"line":163,"column":20}},{"start":{"line":163,"column":20},"end":{"line":163,"column":20}}]},"25":{"line":188,"type":"if","locations":[{"start":{"line":188,"column":16},"end":{"line":188,"column":16}},{"start":{"line":188,"column":16},"end":{"line":188,"column":16}}]},"26":{"line":194,"type":"if","locations":[{"start":{"line":194,"column":16},"end":{"line":194,"column":16}},{"start":{"line":194,"column":16},"end":{"line":194,"column":16}}]},"27":{"line":203,"type":"if","locations":[{"start":{"line":203,"column":12},"end":{"line":203,"column":12}},{"start":{"line":203,"column":12},"end":{"line":203,"column":12}}]},"28":{"line":206,"type":"if","locations":[{"start":{"line":206,"column":20},"end":{"line":206,"column":20}},{"start":{"line":206,"column":20},"end":{"line":206,"column":20}}]},"29":{"line":227,"type":"binary-expr","locations":[{"start":{"line":227,"column":22},"end":{"line":227,"column":29}},{"start":{"line":227,"column":33},"end":{"line":227,"column":35}}]},"30":{"line":229,"type":"if","locations":[{"start":{"line":229,"column":12},"end":{"line":229,"column":12}},{"start":{"line":229,"column":12},"end":{"line":229,"column":12}}]},"31":{"line":235,"type":"if","locations":[{"start":{"line":235,"column":16},"end":{"line":235,"column":16}},{"start":{"line":235,"column":16},"end":{"line":235,"column":16}}]},"32":{"line":252,"type":"binary-expr","locations":[{"start":{"line":252,"column":27},"end":{"line":252,"column":40}},{"start":{"line":252,"column":44},"end":{"line":252,"column":73}}]}}}}