{"C:\\SCWamp\\Docs\\small-router\\index.js":{"path":"C:\\SCWamp\\Docs\\small-router\\index.js","s":{"1":1,"2":1,"3":1,"4":1,"5":1,"6":1,"7":1,"8":9,"9":1,"10":2,"11":2,"12":0,"13":0,"14":2,"15":0,"16":2,"17":2,"18":2,"19":0,"20":2,"21":0,"22":0,"23":0,"24":0,"25":0,"26":0,"27":0,"28":0,"29":0,"30":0,"31":9,"32":9,"33":9,"34":9,"35":9,"36":0,"37":0,"38":0,"39":0,"40":0,"41":0,"42":0,"43":0,"44":0,"45":0,"46":0,"47":0,"48":0,"49":0,"50":0,"51":9,"52":2,"53":7,"54":14,"55":14,"56":14,"57":14,"58":45,"59":45,"60":14,"61":14,"62":3,"63":11,"64":14,"65":3,"66":0,"67":0,"68":0,"69":0,"70":0,"71":0,"72":0,"73":7,"74":1,"75":0,"76":0,"77":0,"78":0,"79":0,"80":0,"81":0,"82":0,"83":0,"84":0,"85":0,"86":0,"87":0,"88":0,"89":0,"90":0,"91":14,"92":14,"93":14,"94":5,"95":5,"96":5,"97":5,"98":5,"99":3,"100":3,"101":14,"102":7,"103":7,"104":7,"105":1,"106":1},"b":{"1":[0,2],"2":[0,2],"3":[2,0],"4":[0,0],"5":[0,0],"6":[0,0,0],"7":[0,0],"8":[0,9],"9":[0,0],"10":[0,0],"11":[0,0],"12":[0,0],"13":[0,0],"14":[2,7],"15":[14,0],"16":[14,31],"17":[3,11],"18":[3,3],"19":[3,11],"20":[0,0],"21":[0,0],"22":[0,0],"23":[0,0],"24":[0,0],"25":[0,0],"26":[0,0],"27":[0,0],"28":[14,2],"29":[5,9],"30":[3,2],"31":[7,7]},"f":{"1":1,"2":2,"3":0,"4":9,"5":1,"6":0,"7":0,"8":14,"9":7,"10":1},"fnMap":{"1":{"name":"(anonymous_1)","line":9,"loc":{"start":{"line":9,"column":19},"end":{"line":9,"column":22}}},"2":{"name":"(anonymous_2)","line":22,"loc":{"start":{"line":22,"column":16},"end":{"line":22,"column":28}}},"3":{"name":"(anonymous_3)","line":53,"loc":{"start":{"line":53,"column":20},"end":{"line":53,"column":45}}},"4":{"name":"(anonymous_4)","line":81,"loc":{"start":{"line":81,"column":13},"end":{"line":81,"column":24}}},"5":{"name":"(anonymous_5)","line":170,"loc":{"start":{"line":170,"column":14},"end":{"line":170,"column":25}}},"6":{"name":"(anonymous_6)","line":180,"loc":{"start":{"line":180,"column":19},"end":{"line":180,"column":37}}},"7":{"name":"(anonymous_7)","line":191,"loc":{"start":{"line":191,"column":17},"end":{"line":191,"column":27}}},"8":{"name":"(anonymous_8)","line":226,"loc":{"start":{"line":226,"column":25},"end":{"line":226,"column":46}}},"9":{"name":"(anonymous_9)","line":251,"loc":{"start":{"line":251,"column":20},"end":{"line":251,"column":31}}},"10":{"name":"(anonymous_10)","line":258,"loc":{"start":{"line":258,"column":13},"end":{"line":258,"column":18}}}},"statementMap":{"1":{"start":{"line":3,"column":0},"end":{"line":3,"column":25}},"2":{"start":{"line":4,"column":0},"end":{"line":4,"column":43}},"3":{"start":{"line":5,"column":0},"end":{"line":5,"column":41}},"4":{"start":{"line":7,"column":0},"end":{"line":266,"column":2}},"5":{"start":{"line":10,"column":12},"end":{"line":10,"column":29}},"6":{"start":{"line":11,"column":12},"end":{"line":11,"column":33}},"7":{"start":{"line":12,"column":12},"end":{"line":12,"column":80}},"8":{"start":{"line":12,"column":58},"end":{"line":12,"column":78}},"9":{"start":{"line":13,"column":12},"end":{"line":13,"column":30}},"10":{"start":{"line":23,"column":12},"end":{"line":23,"column":32}},"11":{"start":{"line":25,"column":12},"end":{"line":42,"column":13}},"12":{"start":{"line":26,"column":16},"end":{"line":28,"column":19}},"13":{"start":{"line":27,"column":20},"end":{"line":27,"column":45}},"14":{"start":{"line":31,"column":16},"end":{"line":33,"column":17}},"15":{"start":{"line":32,"column":20},"end":{"line":32,"column":48}},"16":{"start":{"line":35,"column":16},"end":{"line":41,"column":17}},"17":{"start":{"line":36,"column":20},"end":{"line":36,"column":44}},"18":{"start":{"line":37,"column":20},"end":{"line":37,"column":35}},"19":{"start":{"line":40,"column":20},"end":{"line":40,"column":69}},"20":{"start":{"line":44,"column":12},"end":{"line":44,"column":27}},"21":{"start":{"line":54,"column":12},"end":{"line":54,"column":43}},"22":{"start":{"line":55,"column":12},"end":{"line":55,"column":32}},"23":{"start":{"line":57,"column":12},"end":{"line":71,"column":13}},"24":{"start":{"line":58,"column":16},"end":{"line":67,"column":17}},"25":{"start":{"line":59,"column":20},"end":{"line":59,"column":50}},"26":{"start":{"line":61,"column":20},"end":{"line":63,"column":23}},"27":{"start":{"line":62,"column":24},"end":{"line":62,"column":70}},"28":{"start":{"line":66,"column":20},"end":{"line":66,"column":50}},"29":{"start":{"line":70,"column":16},"end":{"line":70,"column":80}},"30":{"start":{"line":73,"column":12},"end":{"line":73,"column":27}},"31":{"start":{"line":82,"column":12},"end":{"line":82,"column":30}},"32":{"start":{"line":83,"column":12},"end":{"line":83,"column":50}},"33":{"start":{"line":84,"column":12},"end":{"line":84,"column":58}},"34":{"start":{"line":85,"column":12},"end":{"line":85,"column":42}},"35":{"start":{"line":87,"column":12},"end":{"line":162,"column":13}},"36":{"start":{"line":88,"column":16},"end":{"line":88,"column":70}},"37":{"start":{"line":89,"column":16},"end":{"line":89,"column":57}},"38":{"start":{"line":90,"column":16},"end":{"line":90,"column":62}},"39":{"start":{"line":92,"column":16},"end":{"line":112,"column":17}},"40":{"start":{"line":93,"column":20},"end":{"line":93,"column":76}},"41":{"start":{"line":95,"column":21},"end":{"line":112,"column":17}},"42":{"start":{"line":96,"column":20},"end":{"line":96,"column":75}},"43":{"start":{"line":99,"column":20},"end":{"line":99,"column":41}},"44":{"start":{"line":100,"column":20},"end":{"line":109,"column":21}},"45":{"start":{"line":101,"column":24},"end":{"line":108,"column":27}},"46":{"start":{"line":102,"column":28},"end":{"line":102,"column":42}},"47":{"start":{"line":103,"column":28},"end":{"line":105,"column":29}},"48":{"start":{"line":104,"column":32},"end":{"line":104,"column":47}},"49":{"start":{"line":107,"column":28},"end":{"line":107,"column":50}},"50":{"start":{"line":111,"column":20},"end":{"line":111,"column":54}},"51":{"start":{"line":115,"column":16},"end":{"line":161,"column":17}},"52":{"start":{"line":116,"column":20},"end":{"line":116,"column":52}},"53":{"start":{"line":119,"column":20},"end":{"line":158,"column":23}},"54":{"start":{"line":120,"column":24},"end":{"line":120,"column":58}},"55":{"start":{"line":122,"column":24},"end":{"line":157,"column":25}},"56":{"start":{"line":123,"column":28},"end":{"line":123,"column":38}},"57":{"start":{"line":124,"column":28},"end":{"line":136,"column":29}},"58":{"start":{"line":125,"column":32},"end":{"line":125,"column":57}},"59":{"start":{"line":127,"column":32},"end":{"line":135,"column":33}},"60":{"start":{"line":128,"column":36},"end":{"line":128,"column":86}},"61":{"start":{"line":129,"column":36},"end":{"line":134,"column":37}},"62":{"start":{"line":130,"column":40},"end":{"line":130,"column":100}},"63":{"start":{"line":133,"column":40},"end":{"line":133,"column":46}},"64":{"start":{"line":138,"column":28},"end":{"line":140,"column":29}},"65":{"start":{"line":139,"column":32},"end":{"line":139,"column":66}},"66":{"start":{"line":143,"column":28},"end":{"line":156,"column":29}},"67":{"start":{"line":144,"column":32},"end":{"line":144,"column":66}},"68":{"start":{"line":147,"column":32},"end":{"line":147,"column":95}},"69":{"start":{"line":149,"column":32},"end":{"line":155,"column":33}},"70":{"start":{"line":150,"column":36},"end":{"line":150,"column":90}},"71":{"start":{"line":151,"column":36},"end":{"line":151,"column":70}},"72":{"start":{"line":154,"column":36},"end":{"line":154,"column":71}},"73":{"start":{"line":160,"column":20},"end":{"line":160,"column":55}},"74":{"start":{"line":171,"column":12},"end":{"line":171,"column":41}},"75":{"start":{"line":181,"column":12},"end":{"line":188,"column":15}},"76":{"start":{"line":182,"column":16},"end":{"line":185,"column":17}},"77":{"start":{"line":183,"column":20},"end":{"line":183,"column":41}},"78":{"start":{"line":184,"column":20},"end":{"line":184,"column":66}},"79":{"start":{"line":187,"column":16},"end":{"line":187,"column":30}},"80":{"start":{"line":192,"column":12},"end":{"line":217,"column":13}},"81":{"start":{"line":193,"column":16},"end":{"line":193,"column":60}},"82":{"start":{"line":195,"column":16},"end":{"line":203,"column":17}},"83":{"start":{"line":196,"column":20},"end":{"line":199,"column":22}},"84":{"start":{"line":202,"column":20},"end":{"line":202,"column":33}},"85":{"start":{"line":205,"column":17},"end":{"line":217,"column":13}},"86":{"start":{"line":206,"column":16},"end":{"line":206,"column":53}},"87":{"start":{"line":207,"column":16},"end":{"line":216,"column":19}},"88":{"start":{"line":208,"column":20},"end":{"line":210,"column":21}},"89":{"start":{"line":209,"column":24},"end":{"line":209,"column":39}},"90":{"start":{"line":212,"column":20},"end":{"line":215,"column":23}},"91":{"start":{"line":227,"column":12},"end":{"line":227,"column":29}},"92":{"start":{"line":228,"column":12},"end":{"line":228,"column":36}},"93":{"start":{"line":230,"column":12},"end":{"line":241,"column":13}},"94":{"start":{"line":231,"column":16},"end":{"line":231,"column":31}},"95":{"start":{"line":232,"column":16},"end":{"line":232,"column":61}},"96":{"start":{"line":233,"column":16},"end":{"line":233,"column":70}},"97":{"start":{"line":234,"column":16},"end":{"line":234,"column":67}},"98":{"start":{"line":236,"column":16},"end":{"line":240,"column":17}},"99":{"start":{"line":237,"column":20},"end":{"line":237,"column":47}},"100":{"start":{"line":239,"column":20},"end":{"line":239,"column":33}},"101":{"start":{"line":243,"column":12},"end":{"line":243,"column":24}},"102":{"start":{"line":252,"column":12},"end":{"line":252,"column":33}},"103":{"start":{"line":253,"column":12},"end":{"line":253,"column":74}},"104":{"start":{"line":255,"column":12},"end":{"line":255,"column":30}},"105":{"start":{"line":259,"column":12},"end":{"line":259,"column":32}},"106":{"start":{"line":265,"column":4},"end":{"line":265,"column":24}}},"branchMap":{"1":{"line":25,"type":"if","locations":[{"start":{"line":25,"column":12},"end":{"line":25,"column":12}},{"start":{"line":25,"column":12},"end":{"line":25,"column":12}}]},"2":{"line":31,"type":"if","locations":[{"start":{"line":31,"column":16},"end":{"line":31,"column":16}},{"start":{"line":31,"column":16},"end":{"line":31,"column":16}}]},"3":{"line":35,"type":"if","locations":[{"start":{"line":35,"column":16},"end":{"line":35,"column":16}},{"start":{"line":35,"column":16},"end":{"line":35,"column":16}}]},"4":{"line":54,"type":"binary-expr","locations":[{"start":{"line":54,"column":24},"end":{"line":54,"column":33}},{"start":{"line":54,"column":37},"end":{"line":54,"column":42}}]},"5":{"line":57,"type":"if","locations":[{"start":{"line":57,"column":12},"end":{"line":57,"column":12}},{"start":{"line":57,"column":12},"end":{"line":57,"column":12}}]},"6":{"line":57,"type":"binary-expr","locations":[{"start":{"line":57,"column":16},"end":{"line":57,"column":54}},{"start":{"line":57,"column":58},"end":{"line":57,"column":68}},{"start":{"line":57,"column":73},"end":{"line":57,"column":82}}]},"7":{"line":58,"type":"if","locations":[{"start":{"line":58,"column":16},"end":{"line":58,"column":16}},{"start":{"line":58,"column":16},"end":{"line":58,"column":16}}]},"8":{"line":87,"type":"if","locations":[{"start":{"line":87,"column":12},"end":{"line":87,"column":12}},{"start":{"line":87,"column":12},"end":{"line":87,"column":12}}]},"9":{"line":88,"type":"binary-expr","locations":[{"start":{"line":88,"column":31},"end":{"line":88,"column":48}},{"start":{"line":88,"column":52},"end":{"line":88,"column":69}}]},"10":{"line":92,"type":"if","locations":[{"start":{"line":92,"column":16},"end":{"line":92,"column":16}},{"start":{"line":92,"column":16},"end":{"line":92,"column":16}}]},"11":{"line":95,"type":"if","locations":[{"start":{"line":95,"column":21},"end":{"line":95,"column":21}},{"start":{"line":95,"column":21},"end":{"line":95,"column":21}}]},"12":{"line":100,"type":"if","locations":[{"start":{"line":100,"column":20},"end":{"line":100,"column":20}},{"start":{"line":100,"column":20},"end":{"line":100,"column":20}}]},"13":{"line":103,"type":"if","locations":[{"start":{"line":103,"column":28},"end":{"line":103,"column":28}},{"start":{"line":103,"column":28},"end":{"line":103,"column":28}}]},"14":{"line":115,"type":"if","locations":[{"start":{"line":115,"column":16},"end":{"line":115,"column":16}},{"start":{"line":115,"column":16},"end":{"line":115,"column":16}}]},"15":{"line":122,"type":"if","locations":[{"start":{"line":122,"column":24},"end":{"line":122,"column":24}},{"start":{"line":122,"column":24},"end":{"line":122,"column":24}}]},"16":{"line":127,"type":"if","locations":[{"start":{"line":127,"column":32},"end":{"line":127,"column":32}},{"start":{"line":127,"column":32},"end":{"line":127,"column":32}}]},"17":{"line":129,"type":"if","locations":[{"start":{"line":129,"column":36},"end":{"line":129,"column":36}},{"start":{"line":129,"column":36},"end":{"line":129,"column":36}}]},"18":{"line":130,"type":"binary-expr","locations":[{"start":{"line":130,"column":71},"end":{"line":130,"column":85}},{"start":{"line":130,"column":89},"end":{"line":130,"column":91}}]},"19":{"line":138,"type":"if","locations":[{"start":{"line":138,"column":28},"end":{"line":138,"column":28}},{"start":{"line":138,"column":28},"end":{"line":138,"column":28}}]},"20":{"line":143,"type":"if","locations":[{"start":{"line":143,"column":28},"end":{"line":143,"column":28}},{"start":{"line":143,"column":28},"end":{"line":143,"column":28}}]},"21":{"line":149,"type":"if","locations":[{"start":{"line":149,"column":32},"end":{"line":149,"column":32}},{"start":{"line":149,"column":32},"end":{"line":149,"column":32}}]},"22":{"line":182,"type":"if","locations":[{"start":{"line":182,"column":16},"end":{"line":182,"column":16}},{"start":{"line":182,"column":16},"end":{"line":182,"column":16}}]},"23":{"line":192,"type":"if","locations":[{"start":{"line":192,"column":12},"end":{"line":192,"column":12}},{"start":{"line":192,"column":12},"end":{"line":192,"column":12}}]},"24":{"line":193,"type":"binary-expr","locations":[{"start":{"line":193,"column":29},"end":{"line":193,"column":50}},{"start":{"line":193,"column":54},"end":{"line":193,"column":59}}]},"25":{"line":195,"type":"if","locations":[{"start":{"line":195,"column":16},"end":{"line":195,"column":16}},{"start":{"line":195,"column":16},"end":{"line":195,"column":16}}]},"26":{"line":205,"type":"if","locations":[{"start":{"line":205,"column":17},"end":{"line":205,"column":17}},{"start":{"line":205,"column":17},"end":{"line":205,"column":17}}]},"27":{"line":208,"type":"if","locations":[{"start":{"line":208,"column":20},"end":{"line":208,"column":20}},{"start":{"line":208,"column":20},"end":{"line":208,"column":20}}]},"28":{"line":228,"type":"binary-expr","locations":[{"start":{"line":228,"column":22},"end":{"line":228,"column":29}},{"start":{"line":228,"column":33},"end":{"line":228,"column":35}}]},"29":{"line":230,"type":"if","locations":[{"start":{"line":230,"column":12},"end":{"line":230,"column":12}},{"start":{"line":230,"column":12},"end":{"line":230,"column":12}}]},"30":{"line":236,"type":"if","locations":[{"start":{"line":236,"column":16},"end":{"line":236,"column":16}},{"start":{"line":236,"column":16},"end":{"line":236,"column":16}}]},"31":{"line":253,"type":"binary-expr","locations":[{"start":{"line":253,"column":27},"end":{"line":253,"column":40}},{"start":{"line":253,"column":44},"end":{"line":253,"column":73}}]}}}}