TN:
SF:C:\SCWamp\Docs\small-router\index.js
FN:9,(anonymous_1)
FN:22,(anonymous_2)
FN:53,(anonymous_3)
FN:81,(anonymous_4)
FN:181,(anonymous_5)
FN:191,(anonymous_6)
FN:202,(anonymous_7)
FN:225,(anonymous_8)
FN:250,(anonymous_9)
FN:257,(anonymous_10)
FNF:10
FNH:10
FNDA:1,(anonymous_1)
FNDA:7,(anonymous_2)
FNDA:1,(anonymous_3)
FNDA:16,(anonymous_4)
FNDA:1,(anonymous_5)
FNDA:2,(anonymous_6)
FNDA:2,(anonymous_7)
FNDA:11,(anonymous_8)
FNDA:4,(anonymous_9)
FNDA:1,(anonymous_10)
DA:3,1
DA:4,1
DA:5,1
DA:7,1
DA:10,1
DA:11,1
DA:12,16
DA:13,1
DA:23,7
DA:25,7
DA:26,1
DA:27,2
DA:31,6
DA:32,2
DA:35,6
DA:36,5
DA:37,5
DA:40,1
DA:44,6
DA:54,1
DA:55,1
DA:57,1
DA:58,1
DA:59,0
DA:61,0
DA:62,0
DA:66,1
DA:70,0
DA:73,1
DA:82,16
DA:83,16
DA:84,16
DA:85,16
DA:87,16
DA:88,2
DA:89,2
DA:90,2
DA:92,2
DA:93,0
DA:95,2
DA:96,2
DA:99,0
DA:100,0
DA:101,0
DA:102,0
DA:103,0
DA:104,0
DA:107,0
DA:111,0
DA:115,14
DA:116,5
DA:119,9
DA:120,9
DA:121,45
DA:122,37
DA:126,37
DA:127,37
DA:128,37
DA:129,103
DA:131,103
DA:132,11
DA:133,11
DA:134,5
DA:137,6
DA:142,37
DA:143,5
DA:144,5
DA:147,0
DA:148,0
DA:149,0
DA:150,0
DA:153,0
DA:155,0
DA:156,0
DA:157,0
DA:158,0
DA:161,0
DA:162,0
DA:169,9
DA:170,4
DA:182,1
DA:192,2
DA:193,2
DA:194,0
DA:195,0
DA:198,2
DA:203,2
DA:204,2
DA:205,2
DA:206,2
DA:207,0
DA:210,2
DA:226,11
DA:227,11
DA:229,11
DA:230,5
DA:231,5
DA:232,5
DA:233,5
DA:235,5
DA:236,5
DA:238,5
DA:242,11
DA:251,4
DA:252,4
DA:254,4
DA:258,1
DA:264,1
LF:108
LH:81
BRDA:25,1,0,1
BRDA:25,1,1,6
BRDA:31,2,0,2
BRDA:31,2,1,4
BRDA:35,3,0,5
BRDA:35,3,1,1
BRDA:54,4,0,1
BRDA:54,4,1,1
BRDA:57,5,0,1
BRDA:57,5,1,0
BRDA:57,6,0,1
BRDA:57,6,1,1
BRDA:57,6,2,0
BRDA:58,7,0,0
BRDA:58,7,1,1
BRDA:87,8,0,2
BRDA:87,8,1,14
BRDA:88,9,0,2
BRDA:88,9,1,2
BRDA:92,10,0,0
BRDA:92,10,1,2
BRDA:95,11,0,2
BRDA:95,11,1,0
BRDA:100,12,0,0
BRDA:100,12,1,0
BRDA:103,13,0,0
BRDA:103,13,1,0
BRDA:115,14,0,5
BRDA:115,14,1,9
BRDA:121,15,0,37
BRDA:121,15,1,8
BRDA:126,16,0,37
BRDA:126,16,1,0
BRDA:131,17,0,11
BRDA:131,17,1,92
BRDA:131,18,0,103
BRDA:131,18,1,49
BRDA:133,19,0,5
BRDA:133,19,1,6
BRDA:134,20,0,5
BRDA:134,20,1,5
BRDA:142,21,0,5
BRDA:142,21,1,32
BRDA:147,22,0,0
BRDA:147,22,1,0
BRDA:148,23,0,0
BRDA:148,23,1,0
BRDA:155,24,0,0
BRDA:155,24,1,0
BRDA:169,25,0,4
BRDA:169,25,1,5
BRDA:193,26,0,0
BRDA:193,26,1,2
BRDA:203,27,0,2
BRDA:203,27,1,0
BRDA:206,28,0,0
BRDA:206,28,1,2
BRDA:227,29,0,11
BRDA:227,29,1,0
BRDA:229,30,0,5
BRDA:229,30,1,6
BRDA:235,31,0,5
BRDA:235,31,1,0
BRDA:252,32,0,4
BRDA:252,32,1,4
BRF:65
BRH:44
end_of_record
