TN:
SF:C:\SCWamp\Docs\small-router\index.js
FN:9,(anonymous_1)
FN:22,(anonymous_2)
FN:53,(anonymous_3)
FN:81,(anonymous_4)
FN:170,(anonymous_5)
FN:180,(anonymous_6)
FN:191,(anonymous_7)
FN:226,(anonymous_8)
FN:251,(anonymous_9)
FN:258,(anonymous_10)
FNF:10
FNH:7
FNDA:1,(anonymous_1)
FNDA:2,(anonymous_2)
FNDA:0,(anonymous_3)
FNDA:9,(anonymous_4)
FNDA:1,(anonymous_5)
FNDA:0,(anonymous_6)
FNDA:0,(anonymous_7)
FNDA:14,(anonymous_8)
FNDA:7,(anonymous_9)
FNDA:1,(anonymous_10)
DA:3,1
DA:4,1
DA:5,1
DA:7,1
DA:10,1
DA:11,1
DA:12,9
DA:13,1
DA:23,2
DA:25,2
DA:26,0
DA:27,0
DA:31,2
DA:32,0
DA:35,2
DA:36,2
DA:37,2
DA:40,0
DA:44,2
DA:54,0
DA:55,0
DA:57,0
DA:58,0
DA:59,0
DA:61,0
DA:62,0
DA:66,0
DA:70,0
DA:73,0
DA:82,9
DA:83,9
DA:84,9
DA:85,9
DA:87,9
DA:88,0
DA:89,0
DA:90,0
DA:92,0
DA:93,0
DA:95,0
DA:96,0
DA:99,0
DA:100,0
DA:101,0
DA:102,0
DA:103,0
DA:104,0
DA:107,0
DA:111,0
DA:115,9
DA:116,2
DA:119,7
DA:120,14
DA:122,14
DA:123,14
DA:124,14
DA:125,45
DA:127,45
DA:128,14
DA:129,14
DA:130,3
DA:133,11
DA:138,14
DA:139,3
DA:143,0
DA:144,0
DA:147,0
DA:149,0
DA:150,0
DA:151,0
DA:154,0
DA:160,7
DA:171,1
DA:181,0
DA:182,0
DA:183,0
DA:184,0
DA:187,0
DA:192,0
DA:193,0
DA:195,0
DA:196,0
DA:202,0
DA:205,0
DA:206,0
DA:207,0
DA:208,0
DA:209,0
DA:212,0
DA:227,14
DA:228,14
DA:230,14
DA:231,5
DA:232,5
DA:233,5
DA:234,5
DA:236,5
DA:237,3
DA:239,3
DA:243,14
DA:252,7
DA:253,7
DA:255,7
DA:259,1
DA:265,1
LF:105
LH:53
BRDA:25,1,0,0
BRDA:25,1,1,2
BRDA:31,2,0,0
BRDA:31,2,1,2
BRDA:35,3,0,2
BRDA:35,3,1,0
BRDA:54,4,0,0
BRDA:54,4,1,0
BRDA:57,5,0,0
BRDA:57,5,1,0
BRDA:57,6,0,0
BRDA:57,6,1,0
BRDA:57,6,2,0
BRDA:58,7,0,0
BRDA:58,7,1,0
BRDA:87,8,0,0
BRDA:87,8,1,9
BRDA:88,9,0,0
BRDA:88,9,1,0
BRDA:92,10,0,0
BRDA:92,10,1,0
BRDA:95,11,0,0
BRDA:95,11,1,0
BRDA:100,12,0,0
BRDA:100,12,1,0
BRDA:103,13,0,0
BRDA:103,13,1,0
BRDA:115,14,0,2
BRDA:115,14,1,7
BRDA:122,15,0,14
BRDA:122,15,1,0
BRDA:127,16,0,14
BRDA:127,16,1,31
BRDA:129,17,0,3
BRDA:129,17,1,11
BRDA:130,18,0,3
BRDA:130,18,1,3
BRDA:138,19,0,3
BRDA:138,19,1,11
BRDA:143,20,0,0
BRDA:143,20,1,0
BRDA:149,21,0,0
BRDA:149,21,1,0
BRDA:182,22,0,0
BRDA:182,22,1,0
BRDA:192,23,0,0
BRDA:192,23,1,0
BRDA:193,24,0,0
BRDA:193,24,1,0
BRDA:195,25,0,0
BRDA:195,25,1,0
BRDA:205,26,0,0
BRDA:205,26,1,0
BRDA:208,27,0,0
BRDA:208,27,1,0
BRDA:228,28,0,14
BRDA:228,28,1,2
BRDA:230,29,0,5
BRDA:230,29,1,9
BRDA:236,30,0,3
BRDA:236,30,1,2
BRDA:253,31,0,7
BRDA:253,31,1,7
BRF:63
BRH:23
end_of_record
